### ISSUE TITLE
__aeabi_idivmod got error value when use armv7a-cros-linux-gnueabihf-gcc/arm-none-eabi-gcc(gcc version 10.2.0 (GCC)).

### ISSUE THREAD

**Issue by heyg** [OP-TEE/optee_os#6007]
1 Toochan verison,
--------------------------------------------------------------------------------------------
Using built-in specs.
COLLECT_GCC=/opt/prebuilt/toolchain/armv7a/bin/../usr/x86_64-pc-linux-gnu/armv7a-cros-linux-gnueabihf/gcc-bin/10.2.0/armv7a-cros-linux-gnueabihf-gcc.real
COLLECT_LTO_WRAPPER=/opt/toolchain/armv7a/usr/x86_64-pc-linux-gnu/armv7a-cros-linux-gnueabihf/gcc-bin/10.2.0/../../../../libexec/gcc/armv7a-cros-linux-gnueabihf/10.2.0/lto-wrapper
Target: armv7a-cros-linux-gnueabihf
Configured with: /var/tmp/portage/cross-armv7a-cros-linux-gnueabihf/gcc-10.2.0-r12/work/gcc-10.2.0/configure --prefix=/usr --bindir=/usr/x86_64-pc-linux-gnu/armv7a-cros-linux-gnueabihf/gcc-bin/10.2.0 --datadir=/usr/share/gcc-data/armv7a-cros-linux-gnueabihf/10.2.0 --includedir=/usr/lib/gcc/armv7a-cros-linux-gnueabihf/10.2.0/include --with-gxx-include-dir=/usr/lib/gcc/armv7a-cros-linux-gnueabihf/10.2.0/include/g++-v10 --mandir=/usr/share/gcc-data/armv7a-cros-linux-gnueabihf/10.2.0/man --infodir=/usr/share/gcc-data/armv7a-cros-linux-gnueabihf/10.2.0/info --with-python-dir=/share/gcc-data/armv7a-cros-linux-gnueabihf/10.2.0/python --build=x86_64-pc-linux-gnu --host=x86_64-pc-linux-gnu --target=armv7a-cros-linux-gnueabihf --enable-languages=c,c++ --enable-__cxa_atexit --disable-canonical-system-headers --enable-checking=release --enable-linker-build-id --with-bugurl=https://bugs.chromium.org --disable-libatomic --disable-multilib --enable-libgomp --disable-libcilkrts --disable-libitm --disable-libcc1 --disable-libmudflap --disable-libquadmath --disable-libssp --disable-libsanitizer --enable-frame-pointer --with-arch=armv7-a --disable-esp --with-float=hard --with-fpu=vfpv3 --with-mode=thumb --enable-poison-system-directories --with-sysroot=/usr/armv7a-cros-linux-gnueabihf
Thread model: posix
Supported LTO compression algorithms: zlib
gcc version 10.2.0 (GCC)

2 source code(test.c & arm32_aeabi_divmod_a32.S & arm32_aeabi_divmod.c & stack_check.c)
test.c,
---------------------------------------------------------------
#include <stdio.h>
int main()
{
        int test1 = 101;
        int v = 10;
        int result = 0;
        result = test1%v;
        printf("result: %d\n", result);
        return 0;
}

https://github.com/OP-TEE/optee_os/blob/master/lib/libutils/isoc/arch/arm/arm32_aeabi_divmod_a32.S
https://github.com/OP-TEE/optee_os/blob/master/lib/libutils/isoc/arch/arm/arm32_aeabi_divmod.c
https://github.com/OP-TEE/optee_os/blob/master/lib/libutils/isoc/stack_check.c

3 Compile source code
------------------------------

${TOOLCHANIN}gcc -O0 -fstack-protector-strong arm32_aeabi_divmod.c    stack_check.c  arm32_aeabi_divmod_a32.S  test.c  -o test_stack
	-> result: 0

${TOOLCHANIN}gcc -O0 -fno-stack-protector arm32_aeabi_divmod.c    stack_check.c  arm32_aeabi_divmod_a32.S  test.c  -o test_nostack
	-> result: 1

	
4 gdb debug info,
------------------------------

(gdb) si
0x00400968 in __aeabi_idivmod (numerator=101, denominator=10) at arm32_aeabi_divmod_debug.c:221
221             return ret_idivmod_values(qr.q, qr.r);
   0x00400960 <__aeabi_idivmod+116>:    19 46   mov     r1, r3
   0x00400962 <__aeabi_idivmod+118>:    10 46   mov     r0, r2
   0x00400964 <__aeabi_idivmod+120>:    00 f0 1a e8     blx     0x40099c <ret_idivmod_values>
=> 0x00400968 <__aeabi_idivmod+124>:    03 46   mov     r3, r0

(gdb) info registers
r0             0xa                 10
r1             0x1                 1                **---> error value, should is 101**

**Comment by etienne-lms** [comment]
The question is not really clear. Do you mean you build OP-TEE core or an OP-TEE TA with `-fno-stack-protector` directive and you found an issue?

For info, I have built OP-TEE core and TAs for my stm32mp1 platform (32bit), forcing `-fno-stack-protector` in _core.mk_ and _ta.mk_. It boots and passes OP-TEE's xtest successfully.

**Comment by heyg** [comment]
Hi,
The question is not really clear. Do you mean you build OP-TEE core or an OP-TEE TA with -fno-stack-protector directive and you found an issue?
> No, " -fno-stack-protector" is ok, but use " -fstack-protector-strong"  will found issue.

So I copied the mini code from the OP-TEE core to reproduce the problem，**pls check "2 source code".**

We found that the error code should be in "__aeabi_idivmod", pls check **"4 gdb debug info,"**

**Comment by etienne-lms** [comment]
I've tried your piece of code (**"2 source code"**) executed from OP-TEE core on a armv7 machine, with `CFG_CORE_STACK_PROTECTOR_STRONG` set to `y` and `n`, with gcc-10.2-arm and gcc-11.3.rel1-arm. Same result: 1.

If you have a implementation that reproduces the issue on qemu_virt (armv7 archi), could you create an pull request (with "[RFC]" as pull request name) so we can reproduce it?

**Comment by heyg** [comment]
Could help try this test via armv7a-cros-linux-gnueabihf(GCC10.2)?

**Comment by etienne-lms** [comment]
I tested the setup with GCC 10.2:
```
$ arm-linux-gnueabihf-gcc --version
arm-linux-gnueabihf-gcc (GNU Toolchain for the A-profile Architecture 10.2-2020.11 (arm-10.16)) 10.2.1 20201103
Copyright (C) 2020 Free Software Foundation, Inc.
This is free software; see the source for copying conditions.  There is NO
warranty; not even for MERCHANTABILITY or FITNESS FOR A PARTICULAR PURPOSE.
```
I can try with another specific toolchain if you point me to where I can find it.

**Comment by heyg** [comment]
Hi etienne-lms,

You can get this toolchain from google if possible.

**Comment by etienne-lms** [comment]
> You can get this toolchain from google if possible.

If you have i pointer, I can get it. If it can't be disclosed, I'm afraid i won't be able to build with.

> Maybe you can check "4 gdb debug info," to optimize __aeabi_idivmod?

I see no problem with this function. Not to say there is no bug but I can't find any. Please provide some example we can exercise and understand the issue you are reporting.

**Comment by etienne-lms** [comment]
Ok I understand more your issue now. Indeed r1/r2/r3 are usually scratch registers but for this very specific function, r1 holds a return value for the function.

I think all toolchains i'm using have been configured to not instrument stack protection for such `Xdivmod()` like functions. You should be able to address your issue adding`__attribute__((__optimize__ ("-fno-stack-protector")))` to these functions:
```patch
  (in lib/libutils/ext/include/compiler.h)
+#define	__no_stackprot	__attribute__((__optimize__ ("-fno-stack-protector")))

 (in lib/libutils/isoc/arch/arm/arm32_aebi_divmod.c)
+#include <compiler.h>

-unsigned __aeabi_uidivmod(unsigned numerator, unsigned denominator) 
+unsigned __no_stackprot __aeabi_uidivmod(unsigned numerator, unsigned denominator)
 {
     ...
 }

-signed __aeabi_idivmod(signed numerator, signed denominator)
+signed __no_stackprot __aeabi_idivmod(signed numerator, signed denominator)
 {
    ...
 }
```

Please test and eventually propose a P-R so such fix can be discussed with OP-TEE maintainers. There are maybe other smarter ways to address your issue.

**Comment by heyg** [comment]
Hi,
Thanks for your cl, I tested it and the test code can get normal results.
This cl is to disable "stack protector" for __aeabi_uidivmod/__aeabi_idivmod, I'm not sure if this is the best solution?

Could you help to discuss this cl with the maintainer of OP-TEE?

**Comment by jenswi-linaro** [comment]
The workaround looks good to me. The only drawback is that we don't get stack protection for this function, but that should not be much of a problem.

**Comment by heyg** [comment]
Hi jenswi-linaro,

Thank you for reviewing this cl.

Ok, cool, now we're still waiting for this cl merge to master.

@etienne-lms @jenswi-linaro
Could you help call anyone to merge this cl into master?

**Comment by jenswi-linaro** [comment]
We'll need a pull request first.

**Comment by heyg** [comment]
ok, so you will pull request, right?

**Comment by jenswi-linaro** [comment]
Feel free to create the pull request.

**Comment by heyg** [comment]
I created a pull request https://github.com/OP-TEE/optee_os/pull/6028, but I am not found upload change cl button.

@etienne-lms  Could you help upload your cl to this pull request?

**Comment by etienne-lms** [comment]
You created this pull request using the wrong branch.
Create a branch on your local fork of optee_os, commit the patch you want to propose and create the pull request based on your local patch. See https://optee.readthedocs.io/en/latest/general/contribute.html#github.

**Comment by heyg** [comment]
Got it, thanks.

pls chekc the new pull request https://github.com/OP-TEE/optee_os/pull/6029
